Base path: C:/Program Files/Unity/Editor/Data
Pipe name: \\.\pipe\UnityShaderCompiler-64bit-1-692
Cmd: getPlatforms
Cmd: preprocess
  insize=1572 outsize=888 ok=1
Cmd: preprocess
  insize=1801 outsize=900 ok=1
Cmd: preprocess
  insize=219 outsize=219 ok=1
Cmd: preprocess
  insize=1523 outsize=503 ok=1
Cmd: preprocess
  insize=1829 outsize=857 ok=1
Cmd: preprocess
  insize=479 outsize=479 ok=1
Cmd: preprocess
  insize=1834 outsize=876 ok=1
Cmd: preprocess
  insize=1462 outsize=503 ok=1
Cmd: preprocess
  insize=1875 outsize=895 ok=1
Cmd: preprocess
  insize=1805 outsize=885 ok=1
Cmd: preprocess
  insize=1798 outsize=882 ok=1
Cmd: preprocess
  insize=3042 outsize=2109 ok=1
Cmd: preprocess
  insize=1871 outsize=896 ok=1
Cmd: preprocess
  insize=1891 outsize=860 ok=1
Cmd: preprocess
  insize=435 outsize=435 ok=1
Cmd: preprocess
  insize=1102 outsize=448 ok=1
Cmd: preprocess
  insize=5911 outsize=3818 ok=1
Cmd: compileSnippet
  error: 2 plat 4 at (64): 'vert': output parameter 'o' not completely initialized\nCompiling Vertex program with DIRECTIONAL LIGHTMAP_OFF DIRLIGHTMAP_OFF DYNAMICLIGHTMAP_OFF
  api=4 type=0 insize=9583 outsize=0 kw=DIRECTIONAL LIGHTMAP_OFF DIRLIGHTMAP_OFF DYNAMICLIGHTMAP_OFF pd= ok=0
Cmd: preprocess
  insize=1524 outsize=883 ok=1
Cmd: preprocess
  insize=2361 outsize=2709 ok=1
Cmd: preprocess
  insize=1241 outsize=492 ok=1
Cmd: preprocess
  insize=1667 outsize=928 ok=1
